Flow report for top
Tue Feb 21 15:49:25 2023
Quartus Prime Version 20.1.1 Build 720 11/11/2020 SJ Standard Edition


---------------------
; Table of Contents ;
---------------------
  1. Legal Notice
  2. Flow Summary
  3. Flow Settings
  4. Flow Non-Default Global Settings
  5. Flow Elapsed Time
  6. Flow OS Summary
  7. Flow Log
  8. Flow Messages
  9. Flow Suppressed Messages



----------------
; Legal Notice ;
----------------
Copyright (C) 2020  Intel Corporation. All rights reserved.
Your use of Intel Corporation's design tools, logic functions 
and other software and tools, and any partner logic 
functions, and any output files from any of the foregoing 
(including device programming or simulation files), and any 
associated documentation or information are expressly subject 
to the terms and conditions of the Intel Program License 
Subscription Agreement, the Intel Quartus Prime License Agreement,
the Intel FPGA IP License Agreement, or other applicable license
agreement, including, without limitation, that your use is for
the sole purpose of programming logic devices manufactured by
Intel and sold by Intel or its authorized distributors.  Please
refer to the applicable agreement for further details, at
https://fpgasoftware.intel.com/eula.



+--------------------------------------------------------------------------------------+
; Flow Summary                                                                         ;
+------------------------------------+-------------------------------------------------+
; Flow Status                        ; Successful - Tue Feb 21 15:49:25 2023           ;
; Quartus Prime Version              ; 20.1.1 Build 720 11/11/2020 SJ Standard Edition ;
; Revision Name                      ; top                                             ;
; Top-level Entity Name              ; top                                             ;
; Family                             ; Cyclone IV E                                    ;
; Device                             ; EP4CE15F23C8                                    ;
; Timing Models                      ; Final                                           ;
; Total logic elements               ; 5,766 / 15,408 ( 37 % )                         ;
;     Total combinational functions  ; 5,500 / 15,408 ( 36 % )                         ;
;     Dedicated logic registers      ; 2,178 / 15,408 ( 14 % )                         ;
; Total registers                    ; 2178                                            ;
; Total pins                         ; 88 / 344 ( 26 % )                               ;
; Total virtual pins                 ; 0                                               ;
; Total memory bits                  ; 261,312 / 516,096 ( 51 % )                      ;
; Embedded Multiplier 9-bit elements ; 0 / 112 ( 0 % )                                 ;
; Total PLLs                         ; 1 / 4 ( 25 % )                                  ;
+------------------------------------+-------------------------------------------------+


+-----------------------------------------+
; Flow Settings                           ;
+-------------------+---------------------+
; Option            ; Setting             ;
+-------------------+---------------------+
; Start date & time ; 02/20/2023 18:03:46 ;
; Main task         ; Compilation         ;
; Revision Name     ; top                 ;
+-------------------+---------------------+


+------------------------------------------------------------------------------------------------------------------------------------------------+
; Flow Non-Default Global Settings                                                                                                               ;
+-------------------------------------+----------------------------------------+---------------+-------------+-----------------------------------+
; Assignment Name                     ; Value                                  ; Default Value ; Entity Name ; Section Id                        ;
+-------------------------------------+----------------------------------------+---------------+-------------+-----------------------------------+
; COMPILER_SIGNATURE_ID               ; 197975956122536.167692702620614        ; --            ; --          ; --                                ;
; EDA_GENERATE_FUNCTIONAL_NETLIST     ; Off                                    ; --            ; --          ; eda_board_design_timing           ;
; EDA_GENERATE_FUNCTIONAL_NETLIST     ; Off                                    ; --            ; --          ; eda_board_design_boundary_scan    ;
; EDA_GENERATE_FUNCTIONAL_NETLIST     ; Off                                    ; --            ; --          ; eda_board_design_signal_integrity ;
; EDA_GENERATE_FUNCTIONAL_NETLIST     ; Off                                    ; --            ; --          ; eda_board_design_symbol           ;
; EDA_OUTPUT_DATA_FORMAT              ; Verilog Hdl                            ; --            ; --          ; eda_simulation                    ;
; EDA_SIMULATION_TOOL                 ; ModelSim-Altera (Verilog)              ; <None>        ; --          ; --                                ;
; EDA_TIME_SCALE                      ; 1 ps                                   ; --            ; --          ; eda_simulation                    ;
; MAX_CORE_JUNCTION_TEMP              ; 85                                     ; --            ; --          ; --                                ;
; MIN_CORE_JUNCTION_TEMP              ; 0                                      ; --            ; --          ; --                                ;
; MISC_FILE                           ; src/alt/sysclk.ppf                     ; --            ; --          ; --                                ;
; NOMINAL_CORE_SUPPLY_VOLTAGE         ; 1.2V                                   ; --            ; --          ; --                                ;
; OUTPUT_IO_TIMING_FAR_END_VMEAS      ; Half Signal Swing                      ; --            ; --          ; --                                ;
; OUTPUT_IO_TIMING_FAR_END_VMEAS      ; Half Signal Swing                      ; --            ; --          ; --                                ;
; OUTPUT_IO_TIMING_NEAR_END_VMEAS     ; Half Vccio                             ; --            ; --          ; --                                ;
; OUTPUT_IO_TIMING_NEAR_END_VMEAS     ; Half Vccio                             ; --            ; --          ; --                                ;
; PARTITION_COLOR                     ; -- (Not supported for targeted family) ; --            ; --          ; vga1024x768_v2:vga                ;
; PARTITION_COLOR                     ; -- (Not supported for targeted family) ; --            ; --          ; sdram:ram1                        ;
; PARTITION_COLOR                     ; -- (Not supported for targeted family) ; --            ; --          ; segm:hex1                         ;
; PARTITION_COLOR                     ; -- (Not supported for targeted family) ; --            ; --          ; mag_keys:mkey                     ;
; PARTITION_COLOR                     ; -- (Not supported for targeted family) ; --            ; --          ; Top                               ;
; PARTITION_COLOR                     ; -- (Not supported for targeted family) ; --            ; --          ; qyou:qu1                          ;
; PARTITION_FITTER_PRESERVATION_LEVEL ; -- (Not supported for targeted family) ; --            ; --          ; vga1024x768_v2:vga                ;
; PARTITION_FITTER_PRESERVATION_LEVEL ; -- (Not supported for targeted family) ; --            ; --          ; sdram:ram1                        ;
; PARTITION_FITTER_PRESERVATION_LEVEL ; -- (Not supported for targeted family) ; --            ; --          ; segm:hex1                         ;
; PARTITION_FITTER_PRESERVATION_LEVEL ; -- (Not supported for targeted family) ; --            ; --          ; mag_keys:mkey                     ;
; PARTITION_FITTER_PRESERVATION_LEVEL ; -- (Not supported for targeted family) ; --            ; --          ; Top                               ;
; PARTITION_FITTER_PRESERVATION_LEVEL ; -- (Not supported for targeted family) ; --            ; --          ; qyou:qu1                          ;
; PARTITION_NETLIST_TYPE              ; -- (Not supported for targeted family) ; --            ; --          ; vga1024x768_v2:vga                ;
; PARTITION_NETLIST_TYPE              ; -- (Not supported for targeted family) ; --            ; --          ; sdram:ram1                        ;
; PARTITION_NETLIST_TYPE              ; -- (Not supported for targeted family) ; --            ; --          ; segm:hex1                         ;
; PARTITION_NETLIST_TYPE              ; -- (Not supported for targeted family) ; --            ; --          ; mag_keys:mkey                     ;
; PARTITION_NETLIST_TYPE              ; -- (Not supported for targeted family) ; --            ; --          ; Top                               ;
; PARTITION_NETLIST_TYPE              ; -- (Not supported for targeted family) ; --            ; --          ; qyou:qu1                          ;
; POWER_BOARD_THERMAL_MODEL           ; None (CONSERVATIVE)                    ; --            ; --          ; --                                ;
; POWER_PRESET_COOLING_SOLUTION       ; 23 MM HEAT SINK WITH 200 LFPM AIRFLOW  ; --            ; --          ; --                                ;
; PROJECT_OUTPUT_DIRECTORY            ; output_files                           ; --            ; --          ; --                                ;
+-------------------------------------+----------------------------------------+---------------+-------------+-----------------------------------+


+--------------------------------------------------------------------------------------------------------------------------+
; Flow Elapsed Time                                                                                                        ;
+----------------------+--------------+-------------------------+---------------------+------------------------------------+
; Module Name          ; Elapsed Time ; Average Processors Used ; Peak Virtual Memory ; Total CPU Time (on all processors) ;
+----------------------+--------------+-------------------------+---------------------+------------------------------------+
; Analysis & Synthesis ; 00:00:14     ; 2.3                     ; 480 MB              ; 00:00:32                           ;
; Partition Merge      ; 00:00:01     ; 1.0                     ; 619 MB              ; 00:00:01                           ;
; Fitter               ; 00:00:24     ; 1.2                     ; 1400 MB             ; 00:00:48                           ;
; Assembler            ; 00:00:01     ; 1.0                     ; 372 MB              ; 00:00:01                           ;
; Timing Analyzer      ; 00:00:05     ; 1.3                     ; 570 MB              ; 00:00:05                           ;
; EDA Netlist Writer   ; 00:00:01     ; 1.0                     ; 632 MB              ; 00:00:01                           ;
; Analysis & Synthesis ; 00:00:12     ; 1.0                     ; 545 MB              ; 00:00:21                           ;
; Partition Merge      ; 00:00:01     ; 1.0                     ; 664 MB              ; 00:00:01                           ;
; Fitter               ; 00:00:26     ; 1.1                     ; 1380 MB             ; 00:00:45                           ;
; Assembler            ; 00:00:01     ; 1.0                     ; 373 MB              ; 00:00:01                           ;
; Timing Analyzer      ; 00:00:05     ; 1.3                     ; 567 MB              ; 00:00:05                           ;
; EDA Netlist Writer   ; 00:00:01     ; 1.0                     ; 633 MB              ; 00:00:01                           ;
; Analysis & Synthesis ; 00:00:13     ; 1.0                     ; 548 MB              ; 00:00:21                           ;
; Partition Merge      ; 00:00:01     ; 1.0                     ; 665 MB              ; 00:00:01                           ;
; Fitter               ; 00:00:24     ; 1.1                     ; 1376 MB             ; 00:00:42                           ;
; Assembler            ; 00:00:01     ; 1.0                     ; 373 MB              ; 00:00:01                           ;
; Timing Analyzer      ; 00:00:04     ; 1.3                     ; 568 MB              ; 00:00:05                           ;
; EDA Netlist Writer   ; 00:00:01     ; 1.0                     ; 632 MB              ; 00:00:01                           ;
; Analysis & Synthesis ; 00:00:12     ; 1.0                     ; 570 MB              ; 00:00:21                           ;
; Partition Merge      ; 00:00:00     ; 1.0                     ; 662 MB              ; 00:00:01                           ;
; Fitter               ; 00:00:28     ; 1.1                     ; 1381 MB             ; 00:00:47                           ;
; Assembler            ; 00:00:00     ; 1.0                     ; 373 MB              ; 00:00:01                           ;
; Timing Analyzer      ; 00:00:04     ; 1.3                     ; 569 MB              ; 00:00:05                           ;
; EDA Netlist Writer   ; 00:00:01     ; 1.0                     ; 631 MB              ; 00:00:01                           ;
; Analysis & Synthesis ; 00:00:13     ; 1.0                     ; 579 MB              ; 00:00:21                           ;
; Partition Merge      ; 00:00:01     ; 1.0                     ; 660 MB              ; 00:00:01                           ;
; Fitter               ; 00:00:25     ; 1.1                     ; 1376 MB             ; 00:00:43                           ;
; Assembler            ; 00:00:01     ; 1.0                     ; 371 MB              ; 00:00:01                           ;
; Timing Analyzer      ; 00:00:04     ; 1.3                     ; 578 MB              ; 00:00:05                           ;
; EDA Netlist Writer   ; 00:00:01     ; 1.0                     ; 632 MB              ; 00:00:01                           ;
; Analysis & Synthesis ; 00:00:12     ; 1.0                     ; 580 MB              ; 00:00:21                           ;
; Partition Merge      ; 00:00:01     ; 1.0                     ; 664 MB              ; 00:00:01                           ;
; Fitter               ; 00:00:24     ; 1.2                     ; 1374 MB             ; 00:00:43                           ;
; Assembler            ; 00:00:00     ; 1.0                     ; 371 MB              ; 00:00:01                           ;
; Timing Analyzer      ; 00:00:04     ; 1.2                     ; 566 MB              ; 00:00:05                           ;
; EDA Netlist Writer   ; 00:00:00     ; 1.0                     ; 632 MB              ; 00:00:01                           ;
; Analysis & Synthesis ; 00:00:13     ; 1.0                     ; 585 MB              ; 00:00:21                           ;
; Partition Merge      ; 00:00:01     ; 1.0                     ; 667 MB              ; 00:00:01                           ;
; Fitter               ; 00:00:25     ; 1.1                     ; 1408 MB             ; 00:00:44                           ;
; Assembler            ; 00:00:00     ; 1.0                     ; 370 MB              ; 00:00:01                           ;
; Timing Analyzer      ; 00:00:04     ; 1.3                     ; 567 MB              ; 00:00:05                           ;
; EDA Netlist Writer   ; 00:00:01     ; 1.0                     ; 630 MB              ; 00:00:01                           ;
; Analysis & Synthesis ; 00:00:13     ; 1.0                     ; 549 MB              ; 00:00:21                           ;
; Partition Merge      ; 00:00:01     ; 1.0                     ; 665 MB              ; 00:00:01                           ;
; Fitter               ; 00:00:22     ; 1.2                     ; 1388 MB             ; 00:00:40                           ;
; Assembler            ; 00:00:00     ; 1.0                     ; 369 MB              ; 00:00:01                           ;
; Timing Analyzer      ; 00:00:04     ; 1.3                     ; 567 MB              ; 00:00:05                           ;
; EDA Netlist Writer   ; 00:00:00     ; 1.0                     ; 632 MB              ; 00:00:01                           ;
; Analysis & Synthesis ; 00:00:12     ; 1.0                     ; 577 MB              ; 00:00:22                           ;
; Partition Merge      ; 00:00:01     ; 1.0                     ; 666 MB              ; 00:00:01                           ;
; Fitter               ; 00:00:22     ; 1.2                     ; 1383 MB             ; 00:00:40                           ;
; Assembler            ; 00:00:00     ; 1.0                     ; 371 MB              ; 00:00:01                           ;
; Timing Analyzer      ; 00:00:04     ; 1.3                     ; 567 MB              ; 00:00:05                           ;
; EDA Netlist Writer   ; 00:00:00     ; 1.0                     ; 629 MB              ; 00:00:01                           ;
; Analysis & Synthesis ; 00:00:13     ; 1.0                     ; 579 MB              ; 00:00:22                           ;
; Partition Merge      ; 00:00:01     ; 1.0                     ; 663 MB              ; 00:00:01                           ;
; Fitter               ; 00:00:21     ; 1.2                     ; 1379 MB             ; 00:00:38                           ;
; Assembler            ; 00:00:00     ; 1.0                     ; 370 MB              ; 00:00:01                           ;
; Timing Analyzer      ; 00:00:04     ; 1.5                     ; 579 MB              ; 00:00:05                           ;
; EDA Netlist Writer   ; 00:00:00     ; 1.0                     ; 632 MB              ; 00:00:01                           ;
; Analysis & Synthesis ; 00:00:13     ; 1.0                     ; 568 MB              ; 00:00:21                           ;
; Partition Merge      ; 00:00:00     ; 1.0                     ; 665 MB              ; 00:00:01                           ;
; Fitter               ; 00:00:26     ; 1.1                     ; 1387 MB             ; 00:00:43                           ;
; Assembler            ; 00:00:01     ; 1.0                     ; 372 MB              ; 00:00:01                           ;
; Timing Analyzer      ; 00:00:04     ; 1.3                     ; 567 MB              ; 00:00:05                           ;
; EDA Netlist Writer   ; 00:00:01     ; 1.0                     ; 630 MB              ; 00:00:01                           ;
; Analysis & Synthesis ; 00:00:12     ; 1.0                     ; 583 MB              ; 00:00:21                           ;
; Partition Merge      ; 00:00:01     ; 1.0                     ; 664 MB              ; 00:00:01                           ;
; Fitter               ; 00:00:22     ; 1.2                     ; 1409 MB             ; 00:00:42                           ;
; Assembler            ; 00:00:00     ; 1.0                     ; 376 MB              ; 00:00:01                           ;
; Timing Analyzer      ; 00:00:04     ; 1.3                     ; 567 MB              ; 00:00:05                           ;
; EDA Netlist Writer   ; 00:00:00     ; 1.0                     ; 632 MB              ; 00:00:01                           ;
; Analysis & Synthesis ; 00:00:12     ; 1.0                     ; 575 MB              ; 00:00:21                           ;
; Partition Merge      ; 00:00:01     ; 1.0                     ; 667 MB              ; 00:00:01                           ;
; Fitter               ; 00:00:30     ; 1.1                     ; 1376 MB             ; 00:00:48                           ;
; Assembler            ; 00:00:00     ; 1.0                     ; 375 MB              ; 00:00:01                           ;
; Timing Analyzer      ; 00:00:04     ; 1.3                     ; 568 MB              ; 00:00:05                           ;
; EDA Netlist Writer   ; 00:00:00     ; 1.0                     ; 630 MB              ; 00:00:01                           ;
; Total                ; 00:09:20     ; --                      ; --                  ; 00:15:53                           ;
+----------------------+--------------+-------------------------+---------------------+------------------------------------+


+------------------------------------------------------------------------------------+
; Flow OS Summary                                                                    ;
+----------------------+------------------+------------+------------+----------------+
; Module Name          ; Machine Hostname ; OS Name    ; OS Version ; Processor type ;
+----------------------+------------------+------------+------------+----------------+
; Analysis & Synthesis ; myarch           ; Arch Linux ; Arch Linux ; x86_64         ;
; Partition Merge      ; myarch           ; Arch Linux ; Arch Linux ; x86_64         ;
; Fitter               ; myarch           ; Arch Linux ; Arch Linux ; x86_64         ;
; Assembler            ; myarch           ; Arch Linux ; Arch Linux ; x86_64         ;
; Timing Analyzer      ; myarch           ; Arch Linux ; Arch Linux ; x86_64         ;
; EDA Netlist Writer   ; myarch           ; Arch Linux ; Arch Linux ; x86_64         ;
; Analysis & Synthesis ; myarch           ; Arch Linux ; Arch Linux ; x86_64         ;
; Partition Merge      ; myarch           ; Arch Linux ; Arch Linux ; x86_64         ;
; Fitter               ; myarch           ; Arch Linux ; Arch Linux ; x86_64         ;
; Assembler            ; myarch           ; Arch Linux ; Arch Linux ; x86_64         ;
; Timing Analyzer      ; myarch           ; Arch Linux ; Arch Linux ; x86_64         ;
; EDA Netlist Writer   ; myarch           ; Arch Linux ; Arch Linux ; x86_64         ;
; Analysis & Synthesis ; myarch           ; Arch Linux ; Arch Linux ; x86_64         ;
; Partition Merge      ; myarch           ; Arch Linux ; Arch Linux ; x86_64         ;
; Fitter               ; myarch           ; Arch Linux ; Arch Linux ; x86_64         ;
; Assembler            ; myarch           ; Arch Linux ; Arch Linux ; x86_64         ;
; Timing Analyzer      ; myarch           ; Arch Linux ; Arch Linux ; x86_64         ;
; EDA Netlist Writer   ; myarch           ; Arch Linux ; Arch Linux ; x86_64         ;
; Analysis & Synthesis ; myarch           ; Arch Linux ; Arch Linux ; x86_64         ;
; Partition Merge      ; myarch           ; Arch Linux ; Arch Linux ; x86_64         ;
; Fitter               ; myarch           ; Arch Linux ; Arch Linux ; x86_64         ;
; Assembler            ; myarch           ; Arch Linux ; Arch Linux ; x86_64         ;
; Timing Analyzer      ; myarch           ; Arch Linux ; Arch Linux ; x86_64         ;
; EDA Netlist Writer   ; myarch           ; Arch Linux ; Arch Linux ; x86_64         ;
; Analysis & Synthesis ; myarch           ; Arch Linux ; Arch Linux ; x86_64         ;
; Partition Merge      ; myarch           ; Arch Linux ; Arch Linux ; x86_64         ;
; Fitter               ; myarch           ; Arch Linux ; Arch Linux ; x86_64         ;
; Assembler            ; myarch           ; Arch Linux ; Arch Linux ; x86_64         ;
; Timing Analyzer      ; myarch           ; Arch Linux ; Arch Linux ; x86_64         ;
; EDA Netlist Writer   ; myarch           ; Arch Linux ; Arch Linux ; x86_64         ;
; Analysis & Synthesis ; myarch           ; Arch Linux ; Arch Linux ; x86_64         ;
; Partition Merge      ; myarch           ; Arch Linux ; Arch Linux ; x86_64         ;
; Fitter               ; myarch           ; Arch Linux ; Arch Linux ; x86_64         ;
; Assembler            ; myarch           ; Arch Linux ; Arch Linux ; x86_64         ;
; Timing Analyzer      ; myarch           ; Arch Linux ; Arch Linux ; x86_64         ;
; EDA Netlist Writer   ; myarch           ; Arch Linux ; Arch Linux ; x86_64         ;
; Analysis & Synthesis ; myarch           ; Arch Linux ; Arch Linux ; x86_64         ;
; Partition Merge      ; myarch           ; Arch Linux ; Arch Linux ; x86_64         ;
; Fitter               ; myarch           ; Arch Linux ; Arch Linux ; x86_64         ;
; Assembler            ; myarch           ; Arch Linux ; Arch Linux ; x86_64         ;
; Timing Analyzer      ; myarch           ; Arch Linux ; Arch Linux ; x86_64         ;
; EDA Netlist Writer   ; myarch           ; Arch Linux ; Arch Linux ; x86_64         ;
; Analysis & Synthesis ; myarch           ; Arch Linux ; Arch Linux ; x86_64         ;
; Partition Merge      ; myarch           ; Arch Linux ; Arch Linux ; x86_64         ;
; Fitter               ; myarch           ; Arch Linux ; Arch Linux ; x86_64         ;
; Assembler            ; myarch           ; Arch Linux ; Arch Linux ; x86_64         ;
; Timing Analyzer      ; myarch           ; Arch Linux ; Arch Linux ; x86_64         ;
; EDA Netlist Writer   ; myarch           ; Arch Linux ; Arch Linux ; x86_64         ;
; Analysis & Synthesis ; myarch           ; Arch Linux ; Arch Linux ; x86_64         ;
; Partition Merge      ; myarch           ; Arch Linux ; Arch Linux ; x86_64         ;
; Fitter               ; myarch           ; Arch Linux ; Arch Linux ; x86_64         ;
; Assembler            ; myarch           ; Arch Linux ; Arch Linux ; x86_64         ;
; Timing Analyzer      ; myarch           ; Arch Linux ; Arch Linux ; x86_64         ;
; EDA Netlist Writer   ; myarch           ; Arch Linux ; Arch Linux ; x86_64         ;
; Analysis & Synthesis ; myarch           ; Arch Linux ; Arch Linux ; x86_64         ;
; Partition Merge      ; myarch           ; Arch Linux ; Arch Linux ; x86_64         ;
; Fitter               ; myarch           ; Arch Linux ; Arch Linux ; x86_64         ;
; Assembler            ; myarch           ; Arch Linux ; Arch Linux ; x86_64         ;
; Timing Analyzer      ; myarch           ; Arch Linux ; Arch Linux ; x86_64         ;
; EDA Netlist Writer   ; myarch           ; Arch Linux ; Arch Linux ; x86_64         ;
; Analysis & Synthesis ; myarch           ; Arch Linux ; Arch Linux ; x86_64         ;
; Partition Merge      ; myarch           ; Arch Linux ; Arch Linux ; x86_64         ;
; Fitter               ; myarch           ; Arch Linux ; Arch Linux ; x86_64         ;
; Assembler            ; myarch           ; Arch Linux ; Arch Linux ; x86_64         ;
; Timing Analyzer      ; myarch           ; Arch Linux ; Arch Linux ; x86_64         ;
; EDA Netlist Writer   ; myarch           ; Arch Linux ; Arch Linux ; x86_64         ;
; Analysis & Synthesis ; myarch           ; Arch Linux ; Arch Linux ; x86_64         ;
; Partition Merge      ; myarch           ; Arch Linux ; Arch Linux ; x86_64         ;
; Fitter               ; myarch           ; Arch Linux ; Arch Linux ; x86_64         ;
; Assembler            ; myarch           ; Arch Linux ; Arch Linux ; x86_64         ;
; Timing Analyzer      ; myarch           ; Arch Linux ; Arch Linux ; x86_64         ;
; EDA Netlist Writer   ; myarch           ; Arch Linux ; Arch Linux ; x86_64         ;
; Analysis & Synthesis ; myarch           ; Arch Linux ; Arch Linux ; x86_64         ;
; Partition Merge      ; myarch           ; Arch Linux ; Arch Linux ; x86_64         ;
; Fitter               ; myarch           ; Arch Linux ; Arch Linux ; x86_64         ;
; Assembler            ; myarch           ; Arch Linux ; Arch Linux ; x86_64         ;
; Timing Analyzer      ; myarch           ; Arch Linux ; Arch Linux ; x86_64         ;
; EDA Netlist Writer   ; myarch           ; Arch Linux ; Arch Linux ; x86_64         ;
+----------------------+------------------+------------+------------+----------------+


------------
; Flow Log ;
------------
quartus_map --read_settings_files=on --write_settings_files=off top -c top
quartus_cdb --read_settings_files=off --write_settings_files=off top -c top --merge=on
quartus_fit --read_settings_files=off --write_settings_files=off top -c top
quartus_asm --read_settings_files=off --write_settings_files=off top -c top
quartus_sta top -c top
quartus_eda --read_settings_files=off --write_settings_files=off top -c top
quartus_map --read_settings_files=on --write_settings_files=off top -c top
quartus_cdb --read_settings_files=off --write_settings_files=off top -c top --merge=on
quartus_fit --read_settings_files=off --write_settings_files=off top -c top
quartus_asm --read_settings_files=off --write_settings_files=off top -c top
quartus_sta top -c top
quartus_eda --read_settings_files=off --write_settings_files=off top -c top
quartus_map --read_settings_files=on --write_settings_files=off top -c top
quartus_cdb --read_settings_files=off --write_settings_files=off top -c top --merge=on
quartus_fit --read_settings_files=off --write_settings_files=off top -c top
quartus_asm --read_settings_files=off --write_settings_files=off top -c top
quartus_sta top -c top
quartus_eda --read_settings_files=off --write_settings_files=off top -c top
quartus_map --read_settings_files=on --write_settings_files=off top -c top
quartus_cdb --read_settings_files=off --write_settings_files=off top -c top --merge=on
quartus_fit --read_settings_files=off --write_settings_files=off top -c top
quartus_asm --read_settings_files=off --write_settings_files=off top -c top
quartus_sta top -c top
quartus_eda --read_settings_files=off --write_settings_files=off top -c top
quartus_map --read_settings_files=on --write_settings_files=off top -c top
quartus_cdb --read_settings_files=off --write_settings_files=off top -c top --merge=on
quartus_fit --read_settings_files=off --write_settings_files=off top -c top
quartus_asm --read_settings_files=off --write_settings_files=off top -c top
quartus_sta top -c top
quartus_eda --read_settings_files=off --write_settings_files=off top -c top
quartus_map --read_settings_files=on --write_settings_files=off top -c top
quartus_cdb --read_settings_files=off --write_settings_files=off top -c top --merge=on
quartus_fit --read_settings_files=off --write_settings_files=off top -c top
quartus_asm --read_settings_files=off --write_settings_files=off top -c top
quartus_sta top -c top
quartus_eda --read_settings_files=off --write_settings_files=off top -c top
quartus_map --read_settings_files=on --write_settings_files=off top -c top
quartus_cdb --read_settings_files=off --write_settings_files=off top -c top --merge=on
quartus_fit --read_settings_files=off --write_settings_files=off top -c top
quartus_asm --read_settings_files=off --write_settings_files=off top -c top
quartus_sta top -c top
quartus_eda --read_settings_files=off --write_settings_files=off top -c top
quartus_map --read_settings_files=on --write_settings_files=off top -c top
quartus_cdb --read_settings_files=off --write_settings_files=off top -c top --merge=on
quartus_fit --read_settings_files=off --write_settings_files=off top -c top
quartus_asm --read_settings_files=off --write_settings_files=off top -c top
quartus_sta top -c top
quartus_eda --read_settings_files=off --write_settings_files=off top -c top
quartus_map --read_settings_files=on --write_settings_files=off top -c top
quartus_cdb --read_settings_files=off --write_settings_files=off top -c top --merge=on
quartus_fit --read_settings_files=off --write_settings_files=off top -c top
quartus_asm --read_settings_files=off --write_settings_files=off top -c top
quartus_sta top -c top
quartus_eda --read_settings_files=off --write_settings_files=off top -c top
quartus_map --read_settings_files=on --write_settings_files=off top -c top
quartus_cdb --read_settings_files=off --write_settings_files=off top -c top --merge=on
quartus_fit --read_settings_files=off --write_settings_files=off top -c top
quartus_asm --read_settings_files=off --write_settings_files=off top -c top
quartus_sta top -c top
quartus_eda --read_settings_files=off --write_settings_files=off top -c top
quartus_map --read_settings_files=on --write_settings_files=off top -c top
quartus_cdb --read_settings_files=off --write_settings_files=off top -c top --merge=on
quartus_fit --read_settings_files=off --write_settings_files=off top -c top
quartus_asm --read_settings_files=off --write_settings_files=off top -c top
quartus_sta top -c top
quartus_eda --read_settings_files=off --write_settings_files=off top -c top
quartus_map --read_settings_files=on --write_settings_files=off top -c top
quartus_cdb --read_settings_files=off --write_settings_files=off top -c top --merge=on
quartus_fit --read_settings_files=off --write_settings_files=off top -c top
quartus_asm --read_settings_files=off --write_settings_files=off top -c top
quartus_sta top -c top
quartus_eda --read_settings_files=off --write_settings_files=off top -c top
quartus_map --read_settings_files=on --write_settings_files=off top -c top
quartus_cdb --read_settings_files=off --write_settings_files=off top -c top --merge=on
quartus_fit --read_settings_files=off --write_settings_files=off top -c top
quartus_asm --read_settings_files=off --write_settings_files=off top -c top
quartus_sta top -c top
quartus_eda --read_settings_files=off --write_settings_files=off top -c top



